
                                   VC Static 

               Version T-2022.06-SP2 for linux64 - Nov 29, 2022 

                    Copyright (c) 2010 - 2022 Synopsys, Inc.
   This software and the associated documentation are proprietary to Synopsys,
 Inc. This software may only be used in accordance with the terms and conditions
 of a written license agreement with Synopsys, Inc. All other use, reproduction,
   or distribution of this software is strictly prohibited.  Licensed Products
     communicate with Synopsys servers for the purpose of providing software
    updates, detecting software piracy and verifying that customers are using
    Licensed Products in conformity with the applicable License Key for such
  Licensed Products. Synopsys will use information gathered in connection with
    this process to deliver software updates and pursue software pirates and
                                   infringers.

 Inclusivity & Diversity - Visit SolvNetPlus to read the "Synopsys Statement on
            Inclusivity and Diversity" (Refer to article 000036315 at
                        https://solvnetplus.synopsys.com)
restore_session -level default


















MasterSourceFile run
set TOP train_crossing_system
analyze -format vhdl { -f filelist.f }  

Error-[VHDLROTNOFILE] File cannot be opened
  The source file named '/train.vhd' cannot be opened for reading.

Error: 0
	Use error_info for more info. (CMD-013)
Information: script 'run'
	stopped at line 3 due to error. (CMD-081)
Extended error info:
0
    while executing
"analyze -format vhdl { -f filelist.f }  "
    (file "run" line 3)
 -- End Extended Error Info

analyze -format vhdl { -f filelist.f }  
elaborate train_crossing_system
[Warning] COM_OPT009: 'search_path' has not been set.
[Warning] COM_OPT010: 'link_library' has not been set.

Warning-[LCA_FEATURES_ENABLED] Usage warning
  LCA features enabled by '-lca' argument on the command line.  For more 
  information regarding list of LCA features please refer to Chapter "LCA 
  features" in the VCS Release Notes

Doing common elaboration 
Info: Invoking Simon...
Info: Simon VCS Start
=======================================================
VCS CPU Time(s)     :0.35
SIMON CPU Time(s)   :0.10
SIMON Total Time(s) :0.15
Peak Memory(MB)     :372
=======================================================
Info: Simon VCS Finished
Info: Simon call complete 
Info: Exiting after Simon Analysis 
Verdi KDB elaboration done and the database successfully generated: 0 error(s), 0 warning(s)
# Gate Counts 
Number of Flat Instances = 93
Number of Operator = 93
Number of Libcells = 0
Number of Black-Box Instances = 0

view_schematic 
action aaMonetnSchemaCreated -win {192be130} -trigger 50
action aaMonetnSchemaClosed -trigger -win {192be130}
<_mx_/>
quit
=======================================================
Total Time(S)  :38889.98
CPU Time(S)    :35.31
Peak Memory(MB):1570
=======================================================
