version: (200506)

available memory: 64M bytes
used memory: 90112 bytes [need 88K bytes if disable swap]

used block: 4 [memory(4) file(0)]
                 [ 8K(3) 64K(1) { total 88K bytes } ]
overhead: (9538) bytes for (4) blocks [Average: (2384) bytes/block]

write  => 0(times) 0K(bytes) [0K bytes to file]
read   => 1(times) 14K(bytes) [2K bytes compressed data from file]
access => 19122(times) 155M(bytes)
          [hit ratio: 99.9948%]

time: write(0) read(0)  unit: second

swap file directory: (/global/vcs_lk01/umair/rtl_design/prj/0-nadhira/vcst_rtdb/verdi)
used swap file number: (1)



swap file manager:
arrSize: (256)
idxCnt: (3)
closeHead: (1)
closeTail: (2)
openCnt: (2)
fid(2): fd(36) fileName(/global/vcs_lk01/umair/rtl_design/prj/0-nadhira/vcst_rtdb/verdi/_swap_0001#8323328#48782)
	size(0) lastModTime(0) curModTime(1672855779)
	mode(w+b)	hot(0) cool(1) pos(0)
fid(1): fd(1073741824) fileName(/global/vcs_lk01/umair/rtl_design/prj/0-nadhira/vcst_rtdb/.internal/design/train_crossing_system.exe.daidir/kdb.elab++/work.lib++/64/top.vhd.tdc)
	size(4164) lastModTime(1672855732) curModTime(1672855732)
	mode(rb)	hot(2) cool(0) pos(0)
fid(0): fd(0) fileName(NULL)
	mode(NULL)	hot(0) cool(0) pos(0)
==================================================
mySelf(0x1a0f95c0) pre(0x1a0ec820) next((nil))
version(200506)
date(Nov 14 2022 02:32:13)
